<?xml version="1.0" encoding="UTF-8"?>
<!-- Generated by org.testng.reporters.JUnitReportReporter -->
<testsuite hostname="197nodnb11637t1" failures="0" tests="2" name="practivetestng.day4" time="0.003" errors="0" timestamp="29 Jul 2020 12:08:30 GMT" skipped="0">
  <testcase classname="practivetestng.day4" name="loginapihomeloan" time="0.002"/>
  <testcase classname="practivetestng.day4" name="webloginhomeloan" time="0.001"/>
</testsuite> <!-- practivetestng.day4 -->
