<?xml version="1.0" encoding="UTF-8"?>
<!-- Generated by org.testng.reporters.JUnitReportReporter -->
<testsuite hostname="197nodnb11637t1" failures="0" tests="1" name="testng.day4" time="0.004" errors="0" timestamp="08 Jun 2020 03:43:43 GMT" skipped="0">
  <testcase classname="testng.day4" name="loginapihomeloan" time="0.004"/>
</testsuite> <!-- testng.day4 -->
