<?xml version="1.0" encoding="UTF-8"?>
<!-- Generated by org.testng.reporters.JUnitReportReporter -->
<testsuite hostname="197nodnb11637t1" failures="0" tests="5" name="testng.day3" time="0.011" errors="0" timestamp="29 Jul 2020 09:46:53 GMT" skipped="0">
  <testcase classname="testng.day3" name="loginapicarloan" time="0.004"/>
  <testcase classname="testng.day3" name="mobilelogincarloan" time="0.003"/>
  <testcase classname="testng.day3" name="mobileloginsignin" time="0.001"/>
  <testcase classname="testng.day3" name="weblogincarloan" time="0.002"/>
  <testcase classname="testng.day3" name="mobileloginsgnout" time="0.001"/>
</testsuite> <!-- testng.day3 -->
