<?xml version="1.0" encoding="UTF-8"?>
<!-- Generated by org.testng.reporters.JUnitReportReporter -->
<testsuite hostname="197nodnb11637t1" failures="0" tests="1" name="practivetestng.testngpractise" time="0.141" errors="0" timestamp="29 Jul 2020 09:21:55 GMT" skipped="0">
  <testcase classname="practivetestng.testngpractise" name="demo" time="0.141"/>
</testsuite> <!-- practivetestng.testngpractise -->
