<?xml version="1.0" encoding="UTF-8"?>
<!-- Generated by org.testng.reporters.JUnitReportReporter -->
<testsuite hostname="197nodnb11637t1" failures="0" tests="2" name="practivetestng.day1" time="0.015" errors="0" timestamp="29 Jul 2020 12:08:30 GMT" skipped="0">
  <testcase classname="practivetestng.day1" name="demo" time="0.013"/>
  <testcase classname="practivetestng.day1" name="secondtest" time="0.002"/>
</testsuite> <!-- practivetestng.day1 -->
